<?xml version="1.0" encoding="UTF-8"?>
<testsuite name="ohtuesimerkki.StatisticsTest" tests="4" skipped="0" failures="0" errors="0" timestamp="2019-11-03T23:23:37" hostname="DESKTOP-1DL6T5H" time="0.005">
  <properties/>
  <testcase name="SearchToimiiOikein" classname="ohtuesimerkki.StatisticsTest" time="0.004"/>
  <testcase name="TeamToimiiOikein" classname="ohtuesimerkki.StatisticsTest" time="0.0"/>
  <testcase name="StatisticsKonstruktoriOikein" classname="ohtuesimerkki.StatisticsTest" time="0.0"/>
  <testcase name="topScorersToimiiOikein" classname="ohtuesimerkki.StatisticsTest" time="0.0"/>
  <system-out><![CDATA[]]></system-out>
  <system-err><![CDATA[]]></system-err>
</testsuite>
