<?xml version="1.0" encoding="UTF-8"?>
<testsuite name="ohtu.verkkokauppa.KauppaTest" tests="8" skipped="0" failures="0" errors="0" timestamp="2019-11-17T23:23:53" hostname="DESKTOP-1DL6T5H" time="1.01">
  <properties/>
  <testcase name="poistaminenKoristaJaOstonPaatyttyaPankinMetodiaTilinsiirtoKutsutaan" classname="ohtu.verkkokauppa.KauppaTest" time="0.993"/>
  <testcase name="kahdenSamanTuotteenOstoPaatyttyaPankinmetodiaTilinsiirtoKutsutaan" classname="ohtu.verkkokauppa.KauppaTest" time="0.001"/>
  <testcase name="ostoksenPaaytyttyaPankinMetodiaTilisiirtoKutsutaanOikeillaParametreilla" classname="ohtu.verkkokauppa.KauppaTest" time="0.002"/>
  <testcase name="yksiTuoteOnVarastossaJaToinenEiOleOstoPaatyttyaPankinmetodiaTilinsiirtoKutsutaan" classname="ohtu.verkkokauppa.KauppaTest" time="0.002"/>
  <testcase name="ostoksenPaaytyttyaPankinMetodiaTilisiirtoKutsutaan" classname="ohtu.verkkokauppa.KauppaTest" time="0.001"/>
  <testcase name="kahdenEriTuotteenOstoPaatyttyaPankinmetodiaTilinsiirtoKutsutaan" classname="ohtu.verkkokauppa.KauppaTest" time="0.003"/>
  <testcase name="maksutapahtumallePyydetaanAinaUusiViitenumero" classname="ohtu.verkkokauppa.KauppaTest" time="0.003"/>
  <testcase name="aloitaAsiointiMetodiNollaaEdellisenOstoksenTiedot" classname="ohtu.verkkokauppa.KauppaTest" time="0.003"/>
  <system-out><![CDATA[]]></system-out>
  <system-err><![CDATA[]]></system-err>
</testsuite>
